-------------------------------------------------------------------------------
Test set: tests.HabrTests
-------------------------------------------------------------------------------
Tests run: 17, Failures: 1, Errors: 0, Skipped: 0, Time elapsed: 121.235 s <<< FAILURE! - in tests.HabrTests
tests.HabrTests.companiesPageAvailability  Time elapsed: 1.293 s  <<< FAILURE!
org.junit.ComparisonFailure: expected:<[сломан для пёстрого отчета]> but was:<[https://habr.com/ru/companies/]>
	at tests.HabrTests.companiesPageAvailability(HabrTests.java:91)

