<?xml version="1.0" encoding="UTF-8"?>
<testsuite xmlns:xsi="http://www.w3.org/2001/XMLSchema-instance" xsi:noNamespaceSchemaLocation="https://maven.apache.org/surefire/maven-surefire-plugin/xsd/surefire-test-report-3.0.xsd" version="3.0" name="tests.HabrTests" time="121.235" tests="17" errors="0" skipped="0" failures="1">
  <properties>
[...]
</properties>
  <testcase name="devThreadOpening" classname="tests.HabrTests" time="4.771"/>
  <testcase name="habrInTwitter" classname="tests.HabrTests" time="4.535"/>
  <testcase name="topPageAvailability" classname="tests.HabrTests" time="4.015"/>
  <testcase name="scienceThreadOpening" classname="tests.HabrTests" time="3.87"/>
  <testcase name="changeLanguageToEnglish" classname="tests.HabrTests" time="5.64"/>
  <testcase name="designThreadOpening" classname="tests.HabrTests" time="2.25"/>
  <testcase name="adminThreadOpening" classname="tests.HabrTests" time="3.711"/>
  <testcase name="habrInFacebook" classname="tests.HabrTests" time="10.014"/>
  <testcase name="habrInVK" classname="tests.HabrTests" time="4.171"/>
  <testcase name="habrInYa" classname="tests.HabrTests" time="3.678"/>
  <testcase name="marketingThreadOpening" classname="tests.HabrTests" time="4.751"/>
  <testcase name="hubPageAvailability" classname="tests.HabrTests" time="4.546"/>
  <testcase name="companiesPageAvailability" classname="tests.HabrTests" time="1.293">
    <failure message="expected:&lt;[сломан для пёстрого отчета]&gt; but was:&lt;[https://habr.com/ru/companies/]&gt;" type="org.junit.ComparisonFailure"><![CDATA[org.junit.ComparisonFailure: expected:<[сломан для пёстрого отчета]> but was:<[https://habr.com/ru/companies/]>
	at tests.HabrTests.companiesPageAvailability(HabrTests.java:91)
]]></failure>
  </testcase>
  <testcase name="newsPageAvailability" classname="tests.HabrTests" time="11.227"/>
  <testcase name="authorPageAvailability" classname="tests.HabrTests" time="3.657"/>
  <testcase name="habrInTelegram" classname="tests.HabrTests" time="22.605"/>
  <testcase name="changeLanguageToRussian" classname="tests.HabrTests" time="15.976"/>
</testsuite>